<?xml version="1.0" encoding="UTF-8"?>
<Site BuildName="Linux-c++"
	BuildStamp="20230731-1210-Experimental"
	Name="OAX"
	Generator="ctest-3.27.0"
	CompilerName="/usr/bin/c++"
	CompilerVersion="11.3.0"
	OSName="Linux"
	Hostname="OAX"
	OSRelease="5.19.0-50-generic"
	OSVersion="#50-Ubuntu SMP PREEMPT_DYNAMIC Mon Jul 10 18:24:29 UTC 2023"
	OSPlatform="x86_64"
	Is64Bits="1"
	VendorString="GenuineIntel"
	VendorID="Intel Corporation"
	FamilyID="6"
	ModelID="154"
	ProcessorCacheSize="24576"
	NumberOfLogicalCPU="20"
	NumberOfPhysicalCPU="14"
	TotalVirtualMemory="9765"
	TotalPhysicalMemory="15608"
	LogicalProcessorsPerPhysical="1"
	ProcessorClockFrequency="3531.67"
	>
	<Testing>
		<StartDateTime>Jul 31 20:10 CST</StartDateTime>
		<StartTestTime>1690805423</StartTestTime>
		<TestList/>
		<EndDateTime>Jul 31 20:10 CST</EndDateTime>
		<EndTestTime>1690805423</EndTestTime>
		<ElapsedMinutes>0</ElapsedMinutes>
	</Testing>
</Site>
